\BOOKMARK [1][-]{section.1}{\376\377\004\022\004\062\004\065\004\064\004\065\004\075\004\070\004\065}{}% 1
\BOOKMARK [1][-]{section.2}{\376\377\004\037\004\076\004\101\004\102\004\060\004\075\004\076\004\062\004\072\004\060\000\040\004\067\004\060\004\064\004\060\004\107\004\070}{}% 2
\BOOKMARK [2][-]{subsection.2.1}{\376\377\004\044\004\076\004\100\004\074\004\060\004\073\004\114\004\075\004\060\004\117\000\040\004\077\004\076\004\101\004\102\004\060\004\075\004\076\004\062\004\072\004\060}{section.2}% 3
\BOOKMARK [2][-]{subsection.2.2}{\376\377\004\023\004\070\004\077\004\076\004\102\004\065\004\067\004\113\000\040\004\070\004\101\004\101\004\073\004\065\004\064\004\076\004\062\004\060\004\075\004\070\004\117}{section.2}% 4
\BOOKMARK [2][-]{subsection.2.3}{\376\377\004\030\004\101\004\101\004\073\004\065\004\064\004\076\004\062\004\060\004\102\004\065\004\073\004\114\004\101\004\072\004\070\004\065\000\040\004\062\004\076\004\077\004\100\004\076\004\101\004\113}{section.2}% 5
\BOOKMARK [2][-]{subsection.2.4}{\376\377\004\032\004\100\004\070\004\102\004\065\004\100\004\070\004\070\000\040\004\103\004\101\004\077\004\065\004\105\004\060}{section.2}% 6
\BOOKMARK [2][-]{subsection.2.5}{\376\377\004\036\004\063\004\100\004\060\004\075\004\070\004\107\004\065\004\075\004\070\004\117\000\040\004\070\004\101\004\101\004\073\004\065\004\064\004\076\004\062\004\060\004\075\004\070\004\117}{section.2}% 7
\BOOKMARK [1][-]{section.3}{\376\377\004\036\004\061\004\067\004\076\004\100\000\040\004\073\004\070\004\102\004\065\004\100\004\060\004\102\004\103\004\100\004\113}{}% 8
\BOOKMARK [2][-]{subsection.3.1}{\376\377\004\021\004\076\004\073\004\114\004\110\004\070\004\065\000\040\004\117\004\067\004\113\004\072\004\076\004\062\004\113\004\065\000\040\004\074\004\076\004\064\004\065\004\073\004\070\000\040\004\070\000\040\000T\000r\000a\000n\000s\000f\000o\000r\000m\000e\000r}{section.3}% 9
\BOOKMARK [2][-]{subsection.3.2}{\376\377\004\034\004\065\004\102\004\076\004\064\004\113\000\040\004\064\004\076\004\076\004\061\004\103\004\107\004\065\004\075\004\070\004\117\000\040\004\061\004\076\004\073\004\114\004\110\004\070\004\105\000\040\004\117\004\067\004\113\004\072\004\076\004\062\004\113\004\105\000\040\004\074\004\076\004\064\004\065\004\073\004\065\004\071}{section.3}% 10
\BOOKMARK [2][-]{subsection.3.3}{\376\377\004\023\004\070\004\077\004\076\004\102\004\065\004\067\004\060\000\040\004\077\004\076\004\062\004\065\004\100\004\105\004\075\004\076\004\101\004\102\004\075\004\076\004\063\004\076\000\040\004\062\004\113\004\100\004\060\004\062\004\075\004\070\004\062\004\060\004\075\004\070\004\117}{section.3}% 11
\BOOKMARK [2][-]{subsection.3.4}{\376\377\000A\000I\000-\004\060\004\063\004\065\004\075\004\102\004\113\000\040\004\070\000\040\004\062\004\113\004\061\004\076\004\100\000\040\004\070\004\075\004\101\004\102\004\100\004\103\004\074\004\065\004\075\004\102\004\076\004\062}{section.3}% 12
\BOOKMARK [2][-]{subsection.3.5}{\376\377\004\041\004\070\004\075\004\102\004\065\004\102\004\070\004\107\004\065\004\101\004\072\004\060\004\117\000\040\004\063\004\065\004\075\004\065\004\100\004\060\004\106\004\070\004\117\000\040\004\076\004\061\004\103\004\107\004\060\004\116\004\111\004\070\004\105\000\040\004\064\004\060\004\075\004\075\004\113\004\105}{section.3}% 13
\BOOKMARK [2][-]{subsection.3.6}{\376\377\004\022\004\113\004\062\004\076\004\064\004\113\000\040\004\076\004\061\004\067\004\076\004\100\004\060}{section.3}% 14
\BOOKMARK [1][-]{section.4}{\376\377\004\034\004\060\004\102\004\065\004\074\004\060\004\102\004\070\004\107\004\065\004\101\004\072\004\070\004\065\000\040\004\076\004\101\004\075\004\076\004\062\004\113}{}% 15
\BOOKMARK [2][-]{subsection.4.1}{\376\377\004\044\004\076\004\100\004\074\004\060\004\073\004\070\004\067\004\060\004\106\004\070\004\117\000\040\004\067\004\060\004\064\004\060\004\107\004\070\000\040\004\061\004\070\004\075\004\060\004\100\004\075\004\076\004\071\000\040\004\072\004\073\004\060\004\101\004\101\004\070\004\104\004\070\004\072\004\060\004\106\004\070\004\070}{section.4}% 16
\BOOKMARK [2][-]{subsection.4.2}{\376\377\004\034\004\065\004\102\004\100\004\070\004\072\004\070\000\040\004\072\004\060\004\107\004\065\004\101\004\102\004\062\004\060\000\040\004\072\004\073\004\060\004\101\004\101\004\070\004\104\004\070\004\072\004\060\004\106\004\070\004\070}{section.4}% 17
\BOOKMARK [2][-]{subsection.4.3}{\376\377\004\035\004\070\004\067\004\072\004\076\004\100\004\060\004\075\004\063\004\076\004\062\004\060\004\117\000\040\004\060\004\064\004\060\004\077\004\102\004\060\004\106\004\070\004\117\000\040\000\050\000L\000o\000R\000A\000\051}{section.4}% 18
\BOOKMARK [2][-]{subsection.4.4}{\376\377\004\041\004\102\004\060\004\102\004\070\004\101\004\102\004\070\004\107\004\065\004\101\004\072\004\070\004\065\000\040\004\072\004\100\004\070\004\102\004\065\004\100\004\070\004\070\000\040\004\101\004\100\004\060\004\062\004\075\004\065\004\075\004\070\004\117\000\040\004\072\004\073\004\060\004\101\004\101\004\070\004\104\004\070\004\072\004\060\004\102\004\076\004\100\004\076\004\062}{section.4}% 19
\BOOKMARK [2][-]{subsection.4.5}{\376\377\004\021\004\103\004\102\004\101\004\102\004\100\004\060\004\077\000\040\004\064\004\076\004\062\004\065\004\100\004\070\004\102\004\065\004\073\004\114\004\075\004\113\004\065\000\040\004\070\004\075\004\102\004\065\004\100\004\062\004\060\004\073\004\113}{section.4}% 20
\BOOKMARK [1][-]{section.5}{\376\377\004\034\004\065\004\102\004\076\004\064\004\076\004\073\004\076\004\063\004\070\004\117\000\040\004\115\004\072\004\101\004\077\004\065\004\100\004\070\004\074\004\065\004\075\004\102\004\076\004\062}{}% 21
\BOOKMARK [2][-]{subsection.5.1}{\376\377\004\037\004\060\004\071\004\077\004\073\004\060\004\071\004\075\000\040\004\064\004\076\004\076\004\061\004\103\004\107\004\065\004\075\004\070\004\117\000\040\004\070\000\040\004\076\004\106\004\065\004\075\004\072\004\070}{section.5}% 22
\BOOKMARK [2][-]{subsection.5.2}{\376\377\004\036\004\077\004\070\004\101\004\060\004\075\004\070\004\065\000\040\004\061\004\065\004\075\004\107\004\074\004\060\004\100\004\072\004\076\004\062}{section.5}% 23
\BOOKMARK [2][-]{subsection.5.3}{\376\377\004\036\004\061\004\103\004\107\004\060\004\116\004\111\004\070\004\065\000\040\004\064\004\060\004\102\004\060\004\101\004\065\004\102\004\113}{section.5}% 24
\BOOKMARK [2][-]{subsection.5.4}{\376\377\004\037\004\100\004\076\004\102\004\076\004\072\004\076\004\073\000\040\004\064\004\076\004\076\004\061\004\103\004\107\004\065\004\075\004\070\004\117}{section.5}% 25
\BOOKMARK [2][-]{subsection.5.5}{\376\377\004\024\004\070\004\067\004\060\004\071\004\075\000\040\004\115\004\072\004\101\004\077\004\065\004\100\004\070\004\074\004\065\004\075\004\102\004\060}{section.5}% 26
\BOOKMARK [1][-]{section.6}{\376\377\004\040\004\065\004\067\004\103\004\073\004\114\004\102\004\060\004\102\004\113\000\040\004\115\004\072\004\101\004\077\004\065\004\100\004\070\004\074\004\065\004\075\004\102\004\076\004\062\000\040\004\070\000\040\004\070\004\105\000\040\004\060\004\075\004\060\004\073\004\070\004\067}{}% 27
\BOOKMARK [2][-]{subsection.6.1}{\376\377\004\036\004\106\004\065\004\075\004\072\004\060\000\040\004\061\004\060\004\067\004\076\004\062\004\076\004\071\000\040\004\074\004\076\004\064\004\065\004\073\004\070}{section.6}% 28
\BOOKMARK [2][-]{subsection.6.2}{\376\377\004\036\004\101\004\075\004\076\004\062\004\075\004\113\004\065\000\040\004\100\004\065\004\067\004\103\004\073\004\114\004\102\004\060\004\102\004\113\000\040\004\064\004\076\004\076\004\061\004\103\004\107\004\065\004\075\004\070\004\117}{section.6}% 29
\BOOKMARK [2][-]{subsection.6.3}{\376\377\004\022\004\060\004\073\004\070\004\064\004\060\004\106\004\070\004\117\000\040\004\075\004\060\000\040\004\100\004\065\004\060\004\073\004\114\004\075\004\113\004\105\000\040\004\064\004\060\004\075\004\075\004\113\004\105}{section.6}% 30
\BOOKMARK [2][-]{subsection.6.4}{\376\377\004\020\004\075\004\060\004\073\004\070\004\067\000\040\004\072\004\100\004\070\004\062\004\076\004\071\000\040\004\076\004\061\004\103\004\107\004\065\004\075\004\070\004\117}{section.6}% 31
\BOOKMARK [2][-]{subsection.6.5}{\376\377\004\020\004\075\004\060\004\073\004\070\004\067\000\040\004\102\004\070\004\077\004\060\000\040\004\076\004\061\004\103\004\107\004\060\004\116\004\111\004\070\004\105\000\040\004\064\004\060\004\075\004\075\004\113\004\105}{section.6}% 32
\BOOKMARK [2][-]{subsection.6.6}{\376\377\004\020\004\075\004\060\004\073\004\070\004\067\000\040\004\076\004\110\004\070\004\061\004\076\004\072}{section.6}% 33
\BOOKMARK [2][-]{subsection.6.7}{\376\377\004\041\004\102\004\060\004\102\004\070\004\101\004\102\004\070\004\107\004\065\004\101\004\072\004\060\004\117\000\040\004\067\004\075\004\060\004\107\004\070\004\074\004\076\004\101\004\102\004\114}{section.6}% 34
\BOOKMARK [2][-]{subsection.6.8}{\376\377\004\036\004\102\004\062\004\065\004\102\004\113\000\040\004\075\004\060\000\040\004\070\004\101\004\101\004\073\004\065\004\064\004\076\004\062\004\060\004\102\004\065\004\073\004\114\004\101\004\072\004\070\004\065\000\040\004\062\004\076\004\077\004\100\004\076\004\101\004\113}{section.6}% 35
\BOOKMARK [1][-]{section.7}{\376\377\004\037\004\100\004\076\004\063\004\100\004\060\004\074\004\074\004\075\004\060\004\117\000\040\004\100\004\065\004\060\004\073\004\070\004\067\004\060\004\106\004\070\004\117}{}% 36
\BOOKMARK [2][-]{subsection.7.1}{\376\377\004\020\004\100\004\105\004\070\004\102\004\065\004\072\004\102\004\103\004\100\004\060\000\040\004\101\004\070\004\101\004\102\004\065\004\074\004\113}{section.7}% 37
\BOOKMARK [2][-]{subsection.7.2}{\376\377\004\037\004\076\004\064\004\101\004\070\004\101\004\102\004\065\004\074\004\060\000\040\004\101\004\102\004\060\004\102\004\070\004\101\004\102\004\070\004\107\004\065\004\101\004\072\004\076\004\063\004\076\000\040\004\060\004\075\004\060\004\073\004\070\004\067\004\060}{section.7}% 38
\BOOKMARK [2][-]{subsection.7.3}{\376\377\004\037\004\076\004\064\004\101\004\070\004\101\004\102\004\065\004\074\004\060\000\040\004\070\004\075\004\104\004\065\004\100\004\065\004\075\004\101\004\060}{section.7}% 39
\BOOKMARK [2][-]{subsection.7.4}{\376\377\004\037\004\076\004\064\004\101\004\070\004\101\004\102\004\065\004\074\004\060\000\040\004\063\004\065\004\075\004\065\004\100\004\060\004\106\004\070\004\070\000\040\004\064\004\060\004\075\004\075\004\113\004\105}{section.7}% 40
\BOOKMARK [2][-]{subsection.7.5}{\376\377\004\036\004\061\004\065\004\101\004\077\004\065\004\107\004\065\004\075\004\070\004\065\000\040\004\072\004\060\004\107\004\065\004\101\004\102\004\062\004\060\000\040\004\072\004\076\004\064\004\060}{section.7}% 41
\BOOKMARK [2][-]{subsection.7.6}{\376\377\004\042\004\065\004\105\004\075\004\076\004\073\004\076\004\063\004\070\004\107\004\065\004\101\004\072\004\070\004\071\000\040\004\101\004\102\004\065\004\072}{section.7}% 42
\BOOKMARK [1][-]{section.8}{\376\377\004\027\004\060\004\072\004\073\004\116\004\107\004\065\004\075\004\070\004\065}{}% 43
\BOOKMARK [2][-]{subsection.8.1}{\376\377\004\035\004\060\004\077\004\100\004\060\004\062\004\073\004\065\004\075\004\070\004\117\000\040\004\064\004\060\004\073\004\114\004\075\004\065\004\071\004\110\004\070\004\105\000\040\004\070\004\101\004\101\004\073\004\065\004\064\004\076\004\062\004\060\004\075\004\070\004\071}{section.8}% 44
\BOOKMARK [1][-]{section*.21}{\376\377\004\041\004\077\004\070\004\101\004\076\004\072\000\040\004\073\004\070\004\102\004\065\004\100\004\060\004\102\004\103\004\100\004\113}{}% 45
